<?xml version="1.0" encoding="UTF-8"?>
<!-- Generated by org.testng.reporters.JUnitReportReporter -->
<testsuite hostname="DESKTOP-KV5U899" failures="0" tests="2" name="test.ProductSearchTest" time="89.769" errors="0" timestamp="2024-12-09T18:25:49 IST" skipped="0">
  <testcase classname="test.ProductSearchTest" name="VerifyIfUserIsAbleToSearchInalidProduct" time="55.190"/>
  <testcase classname="test.ProductSearchTest" name="VerifyIfUserIsAbleToSearchValidProduct" time="34.579"/>
</testsuite> <!-- test.ProductSearchTest -->
