<?xml version="1.0" encoding="UTF-8"?>
<!-- Generated by org.testng.reporters.JUnitReportReporter -->
<testsuite hostname="DESKTOP-KV5U899" failures="0" tests="2" name="test.ProductDetailViewTest" time="97.910" errors="0" timestamp="2024-12-09T18:25:49 IST" skipped="0">
  <testcase classname="test.ProductDetailViewTest" name="VerifyAddProductToCartUsingProductDetailPage" time="92.328"/>
  <testcase classname="test.ProductDetailViewTest" name="VerifyIfProdutDetailsAreCorrectIfViewInQuickView" time="5.582"/>
</testsuite> <!-- test.ProductDetailViewTest -->
