<?xml version="1.0" encoding="UTF-8"?>
<!-- Generated by org.testng.reporters.JUnitReportReporter -->
<testsuite hostname="DESKTOP-KV5U899" failures="0" tests="3" name="test.AddProductToCart" time="446.307" errors="0" timestamp="2024-12-09T18:25:49 IST" skipped="0">
  <testcase classname="test.AddProductToCart" name="VerifyRemoveAproductFromCartList" time="214.246"/>
  <testcase classname="test.AddProductToCart" name="verifyAddingMultipleProductToCart" time="114.931"/>
  <testcase classname="test.AddProductToCart" name="verifyAddproductToCartUsingProductDetailPage" time="117.130"/>
</testsuite> <!-- test.AddProductToCart -->
